Arguments: 
  C:\Program Files\nodejs\node.exe C:\Users\crx\AppData\Roaming\npm\node_modules\yarn\bin\yarn.js add player -S

PATH: 
  C: ;C:\Program Files\Java\jdk1.8.0_202\bin;C:\Program Files\Java\jdk1.8.0_202\jre\bin;\Program Files (x86)\Common Files\Oracle\Java\javapath;"C:\Program Files\Java\jdk1.8.0_60\bin;C:\ProgramData\Oracle\Java\javapath";C:\Program Files (x86)\Intel\TXE Components\iCLS\;C:\Program Files\Intel\TXE Components\iCLS\;C:\WINDOWS\system32;C:\WINDOWS;C:\WINDOWS\System32\Wbem;C:\WINDOWS\System32\WindowsPowerShell\v1.0\;C:\Program Files\Intel\WiFi\bin\;C:\Program Files\Common Files\Intel\WirelessCommon\;C:\Program Files\Intel\TXE Components\DAL\;C:\Program Files (x86)\Intel\TXE Components\DAL\;C:\Program Files\Intel\TXE Components\IPT\;C:\Program Files (x86)\Intel\TXE Components\IPT\;C:\Program Files\nodejs\;C:\Program Files\Git\cmd;C:\Users\crx\AppData\Local\Microsoft\WindowsApps;C:\Users\crx\AppData\Local\Programs\Microsoft VS Code\bin;C:\Users\crx\AppData\Roaming\npm;C:\Users\crx\AppData\Local\GitHubDesktop\bin;

Yarn version: 
  1.16.0

Node version: 
  10.15.1

Platform: 
  win32 x64

Trace: 
  Error: ENOENT: no such file or directory, copyfile 'C:\Users\crx\AppData\Local\Yarn\Cache\v4\npm-ansi-regex-3.0.0-ed0317c322064f79466c02966bddb605ab37d998\node_modules\ansi-regex\license' -> 'C:\workspace\node\event\node_modules\string-width\node_modules\ansi-regex\license'

npm manifest: 
  {
    "name": "event",
    "version": "1.0.0",
    "description": "click\r http((req,res)=>{\r     res.on('data')\r     res.on('end')\r })\r onClick\r onDbClick",
    "main": "index.js",
    "directories": {
      "lib": "lib"
    },
    "scripts": {
      "test": "echo \"Error: no test specified\" && exit 1"
    },
    "keywords": [],
    "author": "",
    "license": "ISC",
    "dependencies": {
      "inquirer": "^6.3.1",
      "request": "^2.88.0"
    },
    "devDependencies": {}
  }

yarn manifest: 
  No manifest

Lockfile: 
  No lockfile
